[debug] [2021-04-06T22:25:33.291Z] ----------------------------------------------------------------------
[debug] [2021-04-06T22:25:33.294Z] Command:       C:\Program Files\nodejs\node.exe C:\Users\S.ALAM ACADEMY\AppData\Roaming\npm\node_modules\firebase-tools\lib\bin\firebase.js init
[debug] [2021-04-06T22:25:33.294Z] CLI Version:   9.9.0
[debug] [2021-04-06T22:25:33.294Z] Platform:      win32
[debug] [2021-04-06T22:25:33.294Z] Node Version:  v14.15.4
[debug] [2021-04-06T22:25:33.295Z] Time:          Wed Apr 07 2021 04:25:33 GMT+0600 (Bangladesh Standard Time)
[debug] [2021-04-06T22:25:33.296Z] ----------------------------------------------------------------------
[debug] 
[debug] [2021-04-06T22:25:33.302Z] > command requires scopes: ["email","openid","https://www.googleapis.com/auth/cloudplatformprojects.readonly","https://www.googleapis.com/auth/firebase","https://www.googleapis.com/auth/cloud-platform"]
[debug] [2021-04-06T22:25:33.302Z] > authorizing via signed-in user (shahinooriatc@gmail.com)
[info] 
     ######## #### ########  ######## ########     ###     ######  ########
     ##        ##  ##     ## ##       ##     ##  ##   ##  ##       ##
     ######    ##  ########  ######   ########  #########  ######  ######
     ##        ##  ##    ##  ##       ##     ## ##     ##       ## ##
     ##       #### ##     ## ######## ########  ##     ##  ######  ########

You're about to initialize a Firebase project in this directory:

  C:\MilestonNineReactAuth\urban-riders

Before we get started, keep in mind:

  * You are currently outside your home directory
  * You are initializing in an existing Firebase project directory

[info] 
=== Project Setup
[info] 
[info] First, let's associate this project directory with a Firebase project.
[info] You can create multiple project aliases by running firebase use --add, 
[info] but for now we'll just set up a default project.
[info] 
[info] i  .firebaserc already has a default project, using urban-riders-86c5e. 
[debug] [2021-04-06T22:25:41.979Z] >>> [apiv2][query] GET https://firebase.googleapis.com/v1beta1/projects/urban-riders-86c5e [none]
[debug] [2021-04-06T22:25:42.556Z] <<< [apiv2][status] GET https://firebase.googleapis.com/v1beta1/projects/urban-riders-86c5e 403
[debug] [2021-04-06T22:25:42.557Z] <<< [apiv2][body] GET https://firebase.googleapis.com/v1beta1/projects/urban-riders-86c5e {"error":{"code":403,"message":"The caller does not have permission","status":"PERMISSION_DENIED"}}
[debug] [2021-04-06T22:25:42.558Z] HTTP Error: 403, The caller does not have permission
[debug] [2021-04-06T22:25:42.813Z] FirebaseError: HTTP Error: 403, The caller does not have permission
    at module.exports (C:\Users\S.ALAM ACADEMY\AppData\Roaming\npm\node_modules\firebase-tools\lib\responseToError.js:38:12)
    at Client.doRequest (C:\Users\S.ALAM ACADEMY\AppData\Roaming\npm\node_modules\firebase-tools\lib\apiv2.js:238:23)
    at processTicksAndRejections (internal/process/task_queues.js:93:5)
    at async Client.request (C:\Users\S.ALAM ACADEMY\AppData\Roaming\npm\node_modules\firebase-tools\lib\apiv2.js:96:20)
    at async Object.getFirebaseProject (C:\Users\S.ALAM ACADEMY\AppData\Roaming\npm\node_modules\firebase-tools\lib\management\projects.js:290:21)
    at async Object.doSetup [as project] (C:\Users\S.ALAM ACADEMY\AppData\Roaming\npm\node_modules\firebase-tools\lib\init\features\project.js:77:27)
    at async init (C:\Users\S.ALAM ACADEMY\AppData\Roaming\npm\node_modules\firebase-tools\lib\init\index.js:19:9)
[error] 
[error] Error: Failed to get Firebase project urban-riders-86c5e. Please make sure the project exists and your account has permission to access it.
